STRG.12.1	67	11	CCAGGATTTGG
STRG.24.1	1317	13	AGGATTTGGAT
STRG.24.1	1318	14	GGATTTGGATT
STRG.24.1	1319	15	GATTTGGATTT
STRG.11.1	25	21	GATTTGTTGTG
STRG.20.3	5721	103	GTTTGGCTGGC
STRG.20.1	15439	103	GTTTGGCTGGC
STRG.20.2	16024	103	GTTTGGCTGGC
STRG.20.3	5722	104	TTTGGCTGGCT
STRG.20.1	15440	104	TTTGGCTGGCT
STRG.20.2	16025	104	TTTGGCTGGCT
STRG.57.1	720	122	CCAGCTGGAGG
STRG.57.2	720	122	CCAGCTGGAGG
STRG.16.1	274	126	CTGGAGGGCAT
STRG.16.2	274	126	CTGGAGGGCAT
STRG.2.1	553	166	TTTGCGCTGCC
STRG.2.2	553	166	TTTGCGCTGCC
STRG.5.1	2101	167	TTGCGCTGCCT
STRG.47.2	1295	191	ATAAATATTTC
STRG.35.1	1508	208	TAGAAAATGTT
STRG.4.1	2101	253	TTTTGTTTTGC
STRG.8.1	19	253	TTTTGTTTTGC
STRG.8.1	20	254	TTTGTTTTGCT
STRG.8.1	21	255	TTGTTTTGCTT
STRG.8.1	22	256	TGTTTTGCTTA
STRG.8.1	23	257	GTTTTGCTTAC
STRG.21.2	199	300	ATCCGGGCAAA
STRG.21.1	199	300	ATCCGGGCAAA
STRG.18.2	10546	306	GCAAAGTTTAA
STRG.18.1	10600	306	GCAAAGTTTAA
STRG.20.3	796	315	AATCGAAAAGG
STRG.20.1	10514	315	AATCGAAAAGG
STRG.20.2	11099	315	AATCGAAAAGG
STRG.20.3	797	316	ATCGAAAAGGA
STRG.20.1	10515	316	ATCGAAAAGGA
STRG.20.2	11100	316	ATCGAAAAGGA
STRG.58.1	869	319	GAAAAGGAGAA
STRG.58.1	870	320	AAAAGGAGAAG
STRG.58.1	871	321	AAAGGAGAAGA
STRG.2.1	3227	323	AGGAGAAGAAA
STRG.2.2	3227	323	AGGAGAAGAAA
STRG.20.3	7679	350	GCTAATGGCGC
STRG.20.1	17397	350	GCTAATGGCGC
STRG.20.2	17982	350	GCTAATGGCGC
STRG.20.1	4194	389	GCCCAGGTGGG
STRG.20.2	4194	389	GCCCAGGTGGG
STRG.20.1	10022	391	CCAGGTGGGCA
STRG.20.2	10607	391	CCAGGTGGGCA
STRG.20.1	10023	392	CAGGTGGGCAT
STRG.20.2	10608	392	CAGGTGGGCAT
STRG.59.2	749	399	GCATTTATCAT
STRG.18.2	4091	404	TATCATCATCA
STRG.18.1	4145	404	TATCATCATCA
STRG.18.2	15276	410	CATCAGCAGCC
STRG.18.1	15330	410	CATCAGCAGCC
STRG.20.3	5400	460	CCGCAAATGAA
STRG.20.1	15118	460	CCGCAAATGAA
STRG.20.2	15703	460	CCGCAAATGAA
STRG.20.1	124	582	AAACACGAAAC
STRG.20.2	124	582	AAACACGAAAC
STRG.31.1	1197	598	CCGCATCCGCA
STRG.31.2	1197	598	CCGCATCCGCA
STRG.3.3	65	608	AAAATCCTTTG
STRG.3.3	66	609	AAATCCTTTGA
STRG.3.3	67	610	AATCCTTTGAG
STRG.3.3	68	611	ATCCTTTGAGC
STRG.18.2	11654	642	AAAATGACACC
STRG.18.1	11708	642	AAAATGACACC
STRG.23.3	518	648	ACACCAGCGGC
STRG.23.1	291	648	ACACCAGCGGC
STRG.23.2	291	648	ACACCAGCGGC
STRG.23.3	519	649	CACCAGCGGCT
STRG.23.1	292	649	CACCAGCGGCT
STRG.23.2	292	649	CACCAGCGGCT
STRG.58.1	489	683	CAGCCATTAAA
STRG.48.1	3476	689	TTAAAACTACG
STRG.13.1	2741	765	AAGGAATTTGC
STRG.13.1	2742	766	AGGAATTTGCT
STRG.14.1	768	769	AATTTGCTGTC
STRG.5.1	186	781	TCTGGTTGCCA
STRG.5.1	187	782	CTGGTTGCCAT
STRG.26.1	1868	803	CACCTCATCGC
STRG.26.2	2890	803	CACCTCATCGC
STRG.26.1	1869	804	ACCTCATCGCC
STRG.26.2	2891	804	ACCTCATCGCC
STRG.44.1	2809	829	CTAGGAGCAGC
STRG.44.2	2809	829	CTAGGAGCAGC
STRG.57.1	753	831	AGGAGCAGCCA
STRG.57.2	753	831	AGGAGCAGCCA
STRG.57.1	754	832	GGAGCAGCCAG
STRG.57.2	754	832	GGAGCAGCCAG
STRG.18.2	7675	837	AGCCAGGAGCT
STRG.18.1	7729	837	AGCCAGGAGCT
STRG.18.2	4720	859	TGAAAGACTGC
STRG.18.1	4774	859	TGAAAGACTGC
STRG.18.2	4721	860	GAAAGACTGCG
STRG.18.1	4775	860	GAAAGACTGCG
STRG.9.1	1475	875	ATTGAACTGAA
STRG.9.2	1475	875	ATTGAACTGAA
STRG.9.3	1695	875	ATTGAACTGAA
STRG.56.1	1471	936	GCTCTTAAACT
STRG.56.3	2669	936	GCTCTTAAACT
STRG.7.6	137	948	GCATTTTAAAC
STRG.18.2	167	981	TAAATATAGCA
STRG.18.1	167	981	TAAATATAGCA
STRG.2.1	737	982	AAATATAGCAA
STRG.2.2	737	982	AAATATAGCAA
STRG.42.2	927	1006	GCAATTTTTAA
STRG.42.2	928	1007	CAATTTTTAAA
STRG.42.2	929	1008	AATTTTTAAAT
STRG.57.2	3574	1008	AATTTTTAAAT
STRG.57.2	3575	1009	ATTTTTAAATT
STRG.20.3	140	1020	GAAATGGAATA
STRG.20.3	141	1021	AAATGGAATAA
STRG.10.6	297	1029	TAAGGCAATAT
STRG.10.1	51	1029	TAAGGCAATAT
STRG.10.4	51	1029	TAAGGCAATAT
STRG.10.6	298	1030	AAGGCAATATA
STRG.10.1	52	1030	AAGGCAATATA
STRG.10.4	52	1030	AAGGCAATATA
STRG.10.6	299	1031	AGGCAATATAA
STRG.10.1	53	1031	AGGCAATATAA
STRG.10.4	53	1031	AGGCAATATAA
STRG.1.1	4073	1035	AATATAAAATA
STRG.1.1	1403	1072	AGATGTCGCTG
STRG.1.1	1404	1073	GATGTCGCTGA
STRG.4.1	172	1073	GATGTCGCTGA
STRG.27.1	172	1078	CGCTGAGCAAG
STRG.31.2	3537	1102	CTTTCCCAGCC
STRG.31.3	2447	1102	CTTTCCCAGCC
STRG.31.2	3538	1103	TTTCCCAGCCA
STRG.31.3	2448	1103	TTTCCCAGCCA
STRG.44.1	3568	1115	CTGATGAACGA
STRG.44.2	3568	1115	CTGATGAACGA
STRG.31.2	3778	1131	GCGATCCACTT
STRG.31.3	2688	1131	GCGATCCACTT
STRG.60.1	394	1159	ATGGCCAGAAG
STRG.2.1	410	1215	AAGGCGAACTG
STRG.2.2	410	1215	AAGGCGAACTG
STRG.3.2	343	1220	GAACTGTTTCG
STRG.23.2	2941	1226	TTTCGGAATTA
STRG.48.1	2179	1258	GGCCACAGATG
STRG.48.2	2179	1258	GGCCACAGATG
STRG.27.1	2712	1279	ATTCCAGAGCA
STRG.28.1	73	1283	CAGAGCAGCTG
STRG.34.1	872	1307	CATTCTTGTGC
STRG.34.1	873	1308	ATTCTTGTGCT
STRG.23.3	1516	1325	CATGTGGAGCG
STRG.23.1	1289	1325	CATGTGGAGCG
STRG.23.2	1289	1325	CATGTGGAGCG
STRG.52.1	2048	1356	CGCGGGCAACA
STRG.36.1	2372	1409	GGAAAAGCAGC
STRG.36.1	2373	1410	GAAAAGCAGCT
STRG.45.1	1075	1429	CTTTTTGGCGC
STRG.31.2	4222	1430	TTTTTGGCGCA
STRG.31.3	3132	1430	TTTTTGGCGCA
STRG.31.1	560	1443	CCACAGGCGCC
STRG.31.2	560	1443	CCACAGGCGCC
STRG.35.1	784	1454	TTCTTCTACGA
STRG.35.1	785	1455	TCTTCTACGAC
STRG.26.1	294	1461	ACGACGACGAG
STRG.26.2	1316	1461	ACGACGACGAG
STRG.13.2	853	1473	TGGAGCTGGAG
STRG.31.1	1172	1474	GGAGCTGGAGA
STRG.31.2	1172	1474	GGAGCTGGAGA
STRG.9.2	1759	1501	GGTCAACGCCA
STRG.9.3	1979	1501	GGTCAACGCCA
STRG.9.2	1760	1502	GTCAACGCCAT
STRG.9.3	1980	1502	GTCAACGCCAT
STRG.28.1	1276	1503	TCAACGCCATC
STRG.2.1	2218	1505	AACGCCATCAA
STRG.2.2	2218	1505	AACGCCATCAA
STRG.26.1	700	1505	AACGCCATCAA
STRG.26.2	1722	1505	AACGCCATCAA
STRG.49.2	935	1527	CCGAGCAGACG
STRG.49.1	855	1527	CCGAGCAGACG
STRG.51.1	229	1528	CGAGCAGACGG
STRG.32.2	326	1531	GCAGACGGTGC
STRG.32.1	326	1531	GCAGACGGTGC
STRG.3.2	327	1555	CATCAAGCGCC
STRG.1.1	3848	1560	AGCGCCTGAAG
STRG.31.1	1235	1592	CTGCAGGAGCA
STRG.31.2	1235	1592	CTGCAGGAGCA
STRG.1.1	3984	1638	AAAATCGAACG
STRG.13.2	3137	1640	AATCGAACGTA
STRG.20.3	648	1711	GGACCAAGTTC
STRG.20.1	10366	1711	GGACCAAGTTC
STRG.20.2	10951	1711	GGACCAAGTTC
STRG.20.3	649	1712	GACCAAGTTCA
STRG.20.1	10367	1712	GACCAAGTTCA
STRG.20.2	10952	1712	GACCAAGTTCA
STRG.20.3	650	1713	ACCAAGTTCAA
STRG.20.1	10368	1713	ACCAAGTTCAA
STRG.20.2	10953	1713	ACCAAGTTCAA
STRG.25.2	235	1713	ACCAAGTTCAA
STRG.25.1	134	1713	ACCAAGTTCAA
STRG.20.3	651	1714	CCAAGTTCAAA
STRG.20.1	10369	1714	CCAAGTTCAAA
STRG.20.2	10954	1714	CCAAGTTCAAA
STRG.18.1	18638	1763	AGAACACGAGA
STRG.13.2	3155	1763	AGAACACGAGA
STRG.18.1	18639	1764	GAACACGAGAG
STRG.41.2	2007	1771	AGAGCAAAATA
STRG.41.3	1946	1771	AGAGCAAAATA
STRG.41.1	1735	1771	AGAGCAAAATA
STRG.41.2	2008	1772	GAGCAAAATAG
STRG.41.3	1947	1772	GAGCAAAATAG
STRG.41.1	1736	1772	GAGCAAAATAG
STRG.9.3	250	1786	GCAAGGAAAAT
STRG.18.2	6682	1787	CAAGGAAAATG
STRG.18.1	6736	1787	CAAGGAAAATG
STRG.57.1	1595	1798	GGGCACACGAA
STRG.57.2	1595	1798	GGGCACACGAA
STRG.2.1	3713	1801	CACACGAAAAT
STRG.2.2	3713	1801	CACACGAAAAT
STRG.30.1	350	1851	TTAATCCCACC
STRG.11.1	854	1875	CGTTTAATGAG
STRG.11.1	855	1876	GTTTAATGAGC
STRG.13.1	2804	1905	CAGACATTGTG
STRG.29.1	427	1982	GCGGAGAAGCC
STRG.15.1	968	1985	GAGAAGCCCAA
STRG.33.1	1758	1997	CACCAGCTGAC
STRG.33.1	1759	1998	ACCAGCTGACC
STRG.33.1	4487	2016	TGTATCCAGCA
STRG.33.2	4301	2016	TGTATCCAGCA
STRG.23.3	283	2023	AGCACAGGCTA
STRG.23.1	56	2023	AGCACAGGCTA
STRG.23.2	56	2023	AGCACAGGCTA
STRG.34.1	1442	2105	GATGATGGTAA
STRG.5.1	1425	2131	TCCAATAGCTT
STRG.33.1	2241	2175	GCCAAGGCGGC
STRG.33.2	2058	2175	GCCAAGGCGGC
STRG.53.1	526	2175	GCCAAGGCGGC
STRG.53.2	526	2175	GCCAAGGCGGC
STRG.26.1	1032	2181	GCGGCAGCTCG
STRG.26.2	2054	2181	GCGGCAGCTCG
STRG.20.1	9691	2194	TGCAGGACCTT
STRG.20.2	10276	2194	TGCAGGACCTT
STRG.35.1	1336	2202	CTTCTGCAGCT
STRG.20.3	6547	2203	TTCTGCAGCTG
STRG.20.1	16265	2203	TTCTGCAGCTG
STRG.20.2	16850	2203	TTCTGCAGCTG
STRG.20.3	6548	2204	TCTGCAGCTGC
STRG.20.1	16266	2204	TCTGCAGCTGC
STRG.20.2	16851	2204	TCTGCAGCTGC
STRG.48.1	2110	2207	GCAGCTGCGAG
STRG.48.2	2110	2207	GCAGCTGCGAG
STRG.48.1	2111	2208	CAGCTGCGAGA
STRG.48.2	2111	2208	CAGCTGCGAGA
STRG.48.1	2112	2209	AGCTGCGAGAA
STRG.48.2	2112	2209	AGCTGCGAGAA
STRG.20.3	852	2212	TGCGAGAAGTC
STRG.20.1	10570	2212	TGCGAGAAGTC
STRG.20.2	11155	2212	TGCGAGAAGTC
STRG.36.1	1750	2248	AGTTCCAGAAG
STRG.26.1	286	2252	CCAGAAGGACG
STRG.26.2	1308	2252	CCAGAAGGACG
STRG.26.1	287	2253	CAGAAGGACGA
STRG.26.2	1309	2253	CAGAAGGACGA
STRG.26.1	288	2254	AGAAGGACGAC
STRG.26.2	1310	2254	AGAAGGACGAC
STRG.26.1	289	2255	GAAGGACGACG
STRG.26.2	1311	2255	GAAGGACGACG
STRG.26.1	290	2256	AAGGACGACGA
STRG.26.2	1312	2256	AAGGACGACGA
STRG.31.1	1433	2256	AAGGACGACGA
STRG.31.2	1433	2256	AAGGACGACGA
STRG.31.3	343	2256	AAGGACGACGA
STRG.11.1	228	2257	AGGACGACGAC
STRG.26.1	291	2257	AGGACGACGAC
STRG.26.2	1313	2257	AGGACGACGAC
STRG.37.1	258	2337	GTGGATCTCCT
STRG.18.2	7798	2357	CACTGAGTTCG
STRG.18.1	7852	2357	CACTGAGTTCG
STRG.13.1	3443	2360	TGAGTTCGGTC
STRG.52.1	819	2394	AATCTGTGCAC
STRG.52.1	820	2395	ATCTGTGCACA
STRG.52.1	821	2396	TCTGTGCACAC
STRG.52.1	822	2397	CTGTGCACACC
STRG.18.2	9043	2441	AGCACATATTC
STRG.18.1	9097	2441	AGCACATATTC
STRG.9.1	345	2457	CAACCTGGAAA
STRG.9.2	345	2457	CAACCTGGAAA
STRG.9.3	565	2457	CAACCTGGAAA
STRG.9.1	346	2458	AACCTGGAAAC
STRG.9.2	346	2458	AACCTGGAAAC
STRG.9.3	566	2458	AACCTGGAAAC
STRG.13.2	1746	2475	CGATCATCTGG
STRG.18.2	10426	2481	TCTGGAGGAAC
STRG.18.1	10480	2481	TCTGGAGGAAC
STRG.20.1	4704	2484	GGAGGAACTGG
STRG.20.2	4704	2484	GGAGGAACTGG
STRG.20.3	481	2487	GGAACTGGCGG
STRG.20.1	10199	2487	GGAACTGGCGG
STRG.20.2	10784	2487	GGAACTGGCGG
STRG.20.3	482	2488	GAACTGGCGGC
STRG.20.1	10200	2488	GAACTGGCGGC
STRG.20.2	10785	2488	GAACTGGCGGC
STRG.20.3	483	2489	AACTGGCGGCG
STRG.20.1	10201	2489	AACTGGCGGCG
STRG.20.2	10786	2489	AACTGGCGGCG
STRG.36.1	410	2509	ACCTTTGCGGT
STRG.31.1	1953	2518	GTGAACATGAC
STRG.31.2	1953	2518	GTGAACATGAC
STRG.31.3	863	2518	GTGAACATGAC
STRG.48.1	1124	2518	GTGAACATGAC
STRG.48.2	1124	2518	GTGAACATGAC
STRG.33.1	1431	2656	GACAGCATCGT
STRG.33.2	1431	2656	GACAGCATCGT
STRG.33.1	1432	2657	ACAGCATCGTT
STRG.33.2	1432	2657	ACAGCATCGTT
STRG.48.1	2574	2681	ATCCGCCTCGC
STRG.15.1	880	2699	TCCACGACTTG
STRG.20.1	3887	2718	TGCACTGCAGC
STRG.20.2	3887	2718	TGCACTGCAGC
STRG.18.2	16050	2719	GCACTGCAGCT
STRG.18.1	16104	2719	GCACTGCAGCT
STRG.31.1	678	2724	GCAGCTTTTTG
STRG.31.2	678	2724	GCAGCTTTTTG
STRG.20.1	2109	2750	ATGCCAGCTTC
STRG.20.2	2109	2750	ATGCCAGCTTC
STRG.22.1	666	2751	TGCCAGCTTCT
STRG.34.1	534	2794	ACCTGCGACTT
STRG.48.1	1741	2796	CTGCGACTTTG
STRG.48.2	1741	2796	CTGCGACTTTG
STRG.40.1	888	2805	TGCCGCATCCG
STRG.20.3	4607	2809	GCATCCGGAGG
STRG.20.1	14325	2809	GCATCCGGAGG
STRG.20.2	14910	2809	GCATCCGGAGG
STRG.52.1	1300	2811	ATCCGGAGGTC
STRG.37.1	766	2833	ATGGGGCGCTA
STRG.14.1	1565	2838	GCGCTATCTGG
STRG.14.1	1566	2839	CGCTATCTGGC
STRG.23.3	948	2910	CGGCGAGGTGT
STRG.23.1	721	2910	CGGCGAGGTGT
STRG.23.2	721	2910	CGGCGAGGTGT
STRG.53.1	686	2967	TCCTGCAGTTC
STRG.53.2	686	2967	TCCTGCAGTTC
STRG.53.1	687	2968	CCTGCAGTTCG
STRG.53.2	687	2968	CCTGCAGTTCG
STRG.11.1	232	2977	CGACGACGATG
STRG.60.1	872	2986	TGGCCAGCGGA
STRG.3.1	177	3006	ACATCGAGGTG
STRG.20.1	283	3053	GATCCACGGGG
STRG.20.2	283	3053	GATCCACGGGG
STRG.20.1	284	3054	ATCCACGGGGT
STRG.20.2	284	3054	ATCCACGGGGT
STRG.17.1	205	3068	ATAACGCAGCT
STRG.17.1	206	3069	TAACGCAGCTC
STRG.12.1	984	3081	ATGTGGACGTC
STRG.20.3	3683	3086	GACGTCAAGGT
STRG.20.1	13401	3086	GACGTCAAGGT
STRG.20.2	13986	3086	GACGTCAAGGT
STRG.54.1	883	3088	CGTCAAGGTGC
STRG.59.1	2320	3092	AAGGTGCAGAA
STRG.59.2	3108	3092	AAGGTGCAGAA
STRG.59.1	2321	3093	AGGTGCAGAAG
STRG.59.2	3109	3093	AGGTGCAGAAG
STRG.51.1	197	3096	TGCAGAAGAAG
STRG.20.1	6461	3099	AGAAGAAGATG
STRG.20.2	6461	3099	AGAAGAAGATG
STRG.42.1	981	3121	GGCCACCAGAA
STRG.42.2	2183	3121	GGCCACCAGAA
STRG.60.1	702	3166	GCGGGAGCTGA
STRG.44.1	3209	3196	CTATCAAGGAT
STRG.44.2	3209	3196	CTATCAAGGAT
STRG.33.1	4520	3213	TGGACCTCATC
STRG.33.2	4334	3213	TGGACCTCATC
STRG.54.1	166	3214	GGACCTCATCG
STRG.54.1	167	3215	GACCTCATCGA
STRG.20.2	10010	3226	TGCCATTGCCC
STRG.20.2	10011	3227	GCCATTGCCCG
STRG.20.2	10012	3228	CCATTGCCCGA
STRG.20.2	9951	3299	AAGGAAACCAA
STRG.20.2	9952	3300	AGGAAACCAAG
STRG.18.2	3027	3307	CAAGCAGTGGA
STRG.18.1	3027	3307	CAAGCAGTGGA
STRG.18.2	3028	3308	AAGCAGTGGAA
STRG.18.1	3028	3308	AAGCAGTGGAA
STRG.9.1	1030	3311	CAGTGGAACGG
STRG.9.2	1030	3311	CAGTGGAACGG
STRG.9.3	1250	3311	CAGTGGAACGG
STRG.23.3	2288	3321	GCATCATTGGC
STRG.23.1	2061	3321	GCATCATTGGC
STRG.23.2	2061	3321	GCATCATTGGC
STRG.23.3	2289	3322	CATCATTGGCG
STRG.23.1	2062	3322	CATCATTGGCG
STRG.23.2	2062	3322	CATCATTGGCG
STRG.23.3	2290	3323	ATCATTGGCGA
STRG.23.1	2063	3323	ATCATTGGCGA
STRG.23.2	2063	3323	ATCATTGGCGA
STRG.36.1	1222	3350	AGTGGTACCGA
STRG.13.1	3435	3355	TACCGAATTGA
STRG.13.1	3436	3356	ACCGAATTGAG
STRG.53.2	1359	3472	TCATGCAGCTG
STRG.36.1	171	3514	ATGTGGAGAAG
STRG.10.3	1207	3537	TATCTGGATCC
STRG.10.2	1087	3537	TATCTGGATCC
STRG.33.1	3959	3562	TCTGGATCTGG
STRG.33.2	3773	3562	TCTGGATCTGG
STRG.18.2	4045	3564	TGGATCTGGAT
STRG.18.1	4099	3564	TGGATCTGGAT
STRG.18.2	4046	3565	GGATCTGGATT
STRG.18.1	4100	3565	GGATCTGGATT
STRG.33.1	1346	3578	CATATCGGTGT
STRG.33.2	1346	3578	CATATCGGTGT
STRG.18.2	8450	3588	TTGGTGATGAC
STRG.18.1	8504	3588	TTGGTGATGAC
STRG.18.2	8451	3589	TGGTGATGACC
STRG.18.1	8505	3589	TGGTGATGACC
STRG.31.2	3706	3624	ATCTCCAAAAT
STRG.31.3	2616	3624	ATCTCCAAAAT
STRG.48.1	2568	3640	GGGAGAATCCG
STRG.48.1	2569	3641	GGAGAATCCGC
STRG.56.1	685	3680	GGAGAACCAGT
STRG.56.2	685	3680	GGAGAACCAGT
STRG.56.3	1883	3680	GGAGAACCAGT
STRG.18.2	1938	3686	CCAGTGGCACA
STRG.18.1	1938	3686	CCAGTGGCACA
STRG.32.2	302	3695	CATCCACAACA
STRG.32.1	302	3695	CATCCACAACA
STRG.2.1	2084	3709	GCTGGCTGACT
STRG.2.2	2084	3709	GCTGGCTGACT
STRG.30.1	198	3754	TGCCGAGAAGT
STRG.14.1	1823	3754	TGCCGAGAAGT
STRG.50.1	126	3764	TCCACAGGTGA
STRG.44.1	1969	3788	AACCTGGCCAA
STRG.44.2	1969	3788	AACCTGGCCAA
STRG.18.2	4684	3789	ACCTGGCCAAA
STRG.18.1	4738	3789	ACCTGGCCAAA
STRG.18.2	4685	3790	CCTGGCCAAAA
STRG.18.1	4739	3790	CCTGGCCAAAA
STRG.60.1	18	3790	CCTGGCCAAAA
STRG.60.1	19	3791	CTGGCCAAAAC
STRG.60.1	20	3792	TGGCCAAAACA
STRG.26.1	826	3826	TGCGAATGTTT
STRG.26.2	1848	3826	TGCGAATGTTT
STRG.18.2	13516	3870	GCCAACTCCTA
STRG.18.1	13570	3870	GCCAACTCCTA
STRG.18.2	13517	3871	CCAACTCCTAT
STRG.18.1	13571	3871	CCAACTCCTAT
STRG.23.3	1563	3914	CAACATGAAGG
STRG.23.1	1336	3914	CAACATGAAGG
STRG.23.2	1336	3914	CAACATGAAGG
STRG.1.1	374	3927	AGCATAACCAA
STRG.44.1	2741	3937	ACCTGAAGGAT
STRG.44.2	2741	3937	ACCTGAAGGAT
STRG.1.1	1101	3941	GAAGGATCTGA
STRG.20.3	6525	3946	ATCTGAGTGGC
STRG.20.1	16243	3946	ATCTGAGTGGC
STRG.20.2	16828	3946	ATCTGAGTGGC
STRG.36.1	237	3958	AGAAGAAGGTC
STRG.36.1	238	3959	GAAGAAGGTCA
STRG.5.1	2002	3979	CCATCTACGGC
STRG.18.2	756	3983	CTACGGCGGCA
STRG.18.1	756	3983	CTACGGCGGCA
STRG.18.2	757	3984	TACGGCGGCAG
STRG.18.1	757	3984	TACGGCGGCAG
STRG.18.2	3969	3986	CGGCGGCAGCA
STRG.18.1	4023	3986	CGGCGGCAGCA
STRG.34.1	863	4037	CCTGGCCTTCA
STRG.21.2	360	4044	TTCAATCTCAT
STRG.21.1	360	4044	TTCAATCTCAT
STRG.18.2	5052	4063	ACGACCCATCC
STRG.18.1	5106	4063	ACGACCCATCC
STRG.18.2	16655	4092	CTGGAGGGAGT
STRG.18.1	16709	4092	CTGGAGGGAGT
STRG.46.1	1001	4129	ACTACATGTTC
STRG.20.3	1631	4136	GTTCCTGATGG
STRG.20.1	11349	4136	GTTCCTGATGG
STRG.20.2	11934	4136	GTTCCTGATGG
STRG.44.1	795	4144	TGGAGACCACC
STRG.44.2	795	4144	TGGAGACCACC
STRG.9.2	2150	4174	AGCAGAACTGC
STRG.9.3	2370	4174	AGCAGAACTGC
STRG.9.2	2151	4175	GCAGAACTGCG
STRG.9.3	2371	4175	GCAGAACTGCG
STRG.20.1	7292	4203	GAAAAGTTTGG
STRG.20.2	7292	4203	GAAAAGTTTGG
STRG.5.1	2250	4206	AAGTTTGGGGA
STRG.1.1	3222	4214	GGAGAAGCACT
STRG.37.1	557	4222	ACTACGCCATC
STRG.48.1	1729	4241	CTTCGGTGCGG
STRG.48.2	1729	4241	CTTCGGTGCGG
STRG.48.1	1730	4242	TTCGGTGCGGA
STRG.48.2	1730	4242	TTCGGTGCGGA
STRG.26.2	945	4245	GGTGCGGAGTA
STRG.23.3	2110	4272	GTGGCCATCCT
STRG.23.1	1883	4272	GTGGCCATCCT
STRG.23.2	1883	4272	GTGGCCATCCT
STRG.16.1	212	4276	CCATCCTGAAG
STRG.16.2	212	4276	CCATCCTGAAG
STRG.52.1	278	4290	AGTGAGCGGGG
STRG.20.3	5433	4318	AGCAAAAGTGG
STRG.20.1	15151	4318	AGCAAAAGTGG
STRG.20.2	15736	4318	AGCAAAAGTGG
STRG.48.1	180	4318	AGCAAAAGTGG
STRG.48.2	180	4318	AGCAAAAGTGG
STRG.20.3	5434	4319	GCAAAAGTGGT
STRG.20.1	15152	4319	GCAAAAGTGGT
STRG.20.2	15737	4319	GCAAAAGTGGT
STRG.4.1	2312	4320	CAAAAGTGGTG
STRG.20.3	4026	4333	AGAACCCCAAT
STRG.20.1	13744	4333	AGAACCCCAAT
STRG.20.2	14329	4333	AGAACCCCAAT
STRG.36.1	2260	4334	GAACCCCAATG
STRG.36.1	2261	4335	AACCCCAATGC
STRG.36.1	2262	4336	ACCCCAATGCC
STRG.36.1	2263	4337	CCCCAATGCCA
STRG.31.1	977	4343	TGCCAGCTGCT
STRG.31.2	977	4343	TGCCAGCTGCT
STRG.31.1	978	4344	GCCAGCTGCTT
STRG.31.2	978	4344	GCCAGCTGCTT
STRG.31.1	979	4345	CCAGCTGCTTC
STRG.31.2	979	4345	CCAGCTGCTTC
STRG.44.1	880	4371	GACGCCACTCC
STRG.44.2	880	4371	GACGCCACTCC
STRG.57.1	1069	4387	TGACCTTCGGC
STRG.57.2	1069	4387	TGACCTTCGGC
STRG.27.1	1629	4391	CTTCGGCGAGC
STRG.23.3	1072	4428	GCCGGAATCCT
STRG.23.1	845	4428	GCCGGAATCCT
STRG.23.2	845	4428	GCCGGAATCCT
STRG.23.3	1073	4429	CCGGAATCCTG
STRG.23.1	846	4429	CCGGAATCCTG
STRG.23.2	846	4429	CCGGAATCCTG
STRG.52.1	2184	4434	ATCCTGATCGC
STRG.52.1	2185	4435	TCCTGATCGCC
STRG.56.1	330	4435	TCCTGATCGCC
STRG.56.2	330	4435	TCCTGATCGCC
STRG.56.3	1528	4435	TCCTGATCGCC
STRG.54.1	972	4441	TCGCCTTCCTC
STRG.44.1	2406	4442	CGCCTTCCTCA
STRG.44.2	2406	4442	CGCCTTCCTCA
STRG.49.2	133	4456	GCATTACGGAG
STRG.49.1	53	4456	GCATTACGGAG
STRG.27.1	1725	4459	TTACGGAGTTT
STRG.31.1	12	4481	GCAGCAAGTGG
STRG.31.2	12	4481	GCAGCAAGTGG
STRG.31.1	13	4482	CAGCAAGTGGC
STRG.31.2	13	4482	CAGCAAGTGGC
STRG.5.1	2858	4483	AGCAAGTGGCC
STRG.59.2	418	4560	TCACATTTTGC
STRG.59.2	419	4561	CACATTTTGCT
STRG.28.1	922	4562	ACATTTTGCTC
STRG.28.1	923	4563	CATTTTGCTCA
STRG.59.1	2836	4563	CATTTTGCTCA
STRG.59.2	3624	4563	CATTTTGCTCA
STRG.27.1	3043	4587	AGGAAGCCTTC
STRG.13.1	1892	4593	CCTTCAAGAAG
STRG.24.1	677	4596	TCAAGAAGGAG
STRG.40.1	435	4596	TCAAGAAGGAG
STRG.20.1	9083	4597	CAAGAAGGAGA
STRG.20.2	9083	4597	CAAGAAGGAGA
STRG.24.1	678	4597	CAAGAAGGAGA
STRG.41.2	832	4597	CAAGAAGGAGA
STRG.41.3	771	4597	CAAGAAGGAGA
STRG.41.1	560	4597	CAAGAAGGAGA
STRG.60.1	483	4597	CAAGAAGGAGA
STRG.45.1	304	4603	GGAGATCCGCT
STRG.44.1	3524	4644	CCATCGTGGCC
STRG.44.2	3524	4644	CCATCGTGGCC
STRG.44.1	3525	4645	CATCGTGGCCG
STRG.44.2	3525	4645	CATCGTGGCCG
STRG.59.2	160	4670	AGTGTGCGGAC
STRG.23.3	621	4674	TGCGGACGACA
STRG.23.1	394	4674	TGCGGACGACA
STRG.23.2	394	4674	TGCGGACGACA
STRG.18.2	11620	4678	GACGACACCGC
STRG.18.1	11674	4678	GACGACACCGC
STRG.18.2	2374	4720	TCCCAAGTCGA
STRG.18.1	2374	4720	TCCCAAGTCGA
STRG.48.1	56	4725	AGTCGAGTCGC
STRG.48.2	56	4725	AGTCGAGTCGC
STRG.18.2	2111	4751	CGTTCCTCGGA
STRG.18.1	2111	4751	CGTTCCTCGGA
STRG.31.1	1563	4758	CGGAGGAGATG
STRG.31.2	1563	4758	CGGAGGAGATG
STRG.31.3	473	4758	CGGAGGAGATG
STRG.31.1	1564	4759	GGAGGAGATGC
STRG.31.2	1564	4759	GGAGGAGATGC
STRG.31.3	474	4759	GGAGGAGATGC
STRG.13.1	105	4759	GGAGGAGATGC
STRG.14.1	2327	4759	GGAGGAGATGC
STRG.20.1	4511	4778	GCCCAAGGATC
STRG.20.2	4511	4778	GCCCAAGGATC
STRG.36.1	856	4781	CAAGGATCAGG
STRG.1.1	822	4822	GGAACAGAAGG
STRG.60.1	943	4826	CAGAAGGAGGC
STRG.60.1	944	4827	AGAAGGAGGCG
STRG.20.3	743	4837	GCGGGTTTAAA
STRG.20.1	10461	4837	GCGGGTTTAAA
STRG.20.2	11046	4837	GCGGGTTTAAA
STRG.5.1	6375	4856	GGATTATTTTA
STRG.5.1	6376	4857	GATTATTTTAA
STRG.59.2	107	4892	TGTACATTTAA
STRG.59.2	108	4893	GTACATTTAAT
STRG.2.1	3245	4903	TTCCCTAAAAG
STRG.2.2	3245	4903	TTCCCTAAAAG
STRG.2.1	3246	4904	TCCCTAAAAGA
STRG.2.2	3246	4904	TCCCTAAAAGA
STRG.2.1	3247	4905	CCCTAAAAGAT
STRG.2.2	3247	4905	CCCTAAAAGAT
STRG.23.3	776	4911	AAGATTTGTCT
STRG.23.1	549	4911	AAGATTTGTCT
STRG.23.2	549	4911	AAGATTTGTCT
STRG.12.1	376	4913	GATTTGTCTAC
STRG.12.1	377	4914	ATTTGTCTACC
STRG.1.1	4134	4942	TATTTATGATT
STRG.1.1	4135	4943	ATTTATGATTT
STRG.30.1	191	4973	CGCTCAGTGCC
STRG.30.1	192	4974	GCTCAGTGCCG
STRG.30.1	193	4975	CTCAGTGCCGA
STRG.46.1	205	5002	GAAAGCAACGC
STRG.48.1	589	5031	TCAATTTGGAG
STRG.48.2	589	5031	TCAATTTGGAG
STRG.48.1	590	5032	CAATTTGGAGC
STRG.48.2	590	5032	CAATTTGGAGC
STRG.50.1	32	5051	GCTTGTAATTA
STRG.51.1	704	5059	TTACTTGGCGG
STRG.52.1	2048	5088	CGCGGGCAACA
STRG.45.1	237	5090	CGGGCAACACG
STRG.23.3	2106	5130	TTCGGTGGCCA
STRG.23.1	1879	5130	TTCGGTGGCCA
STRG.23.2	1879	5130	TTCGGTGGCCA
STRG.48.1	1534	5133	GGTGGCCAACT
STRG.48.2	1534	5133	GGTGGCCAACT
STRG.15.1	197	5210	GGCAAGGAGAA
STRG.37.1	429	5261	CCTTATTGACA
STRG.37.1	430	5262	CTTATTGACAT
STRG.28.1	76	5334	AGCAGCTGCAG
STRG.14.1	1685	5354	GCGCCAAATGG
STRG.20.1	4244	5360	AATGGGAGCAG
STRG.20.2	4244	5360	AATGGGAGCAG
STRG.57.1	2270	5364	GGAGCAGAACA
STRG.57.2	2270	5364	GGAGCAGAACA
STRG.2.1	1619	5396	GGAGGATGAAG
STRG.2.2	1619	5396	GGAGGATGAAG
STRG.31.1	733	5400	GATGAAGGACG
STRG.31.2	733	5400	GATGAAGGACG
STRG.15.1	58	5413	GGACCAAGAAG
STRG.44.1	3139	5449	GTGTTGGGTAG
STRG.44.2	3139	5449	GTGTTGGGTAG
STRG.44.1	3140	5450	TGTTGGGTAGC
STRG.44.2	3140	5450	TGTTGGGTAGC
STRG.27.1	1309	5473	TTGGTTTGTGT
STRG.20.3	7902	5487	ATGAGCAGCAA
STRG.20.1	17620	5487	ATGAGCAGCAA
STRG.20.2	18205	5487	ATGAGCAGCAA
STRG.20.3	7903	5488	TGAGCAGCAAT
STRG.20.1	17621	5488	TGAGCAGCAAT
STRG.20.2	18206	5488	TGAGCAGCAAT
STRG.20.3	7904	5489	GAGCAGCAATG
STRG.20.1	17622	5489	GAGCAGCAATG
STRG.20.2	18207	5489	GAGCAGCAATG
STRG.18.2	14591	5490	AGCAGCAATGA
STRG.18.1	14645	5490	AGCAGCAATGA
STRG.46.1	808	5501	CAACGGCAGCG
STRG.46.1	809	5502	AACGGCAGCGC
STRG.46.1	810	5503	ACGGCAGCGCC
STRG.42.2	573	5526	AAAAAACAACA
STRG.12.1	1635	5529	AAACAACAACA
STRG.31.2	4466	5529	AAACAACAACA
STRG.31.3	3376	5529	AAACAACAACA
STRG.20.3	167	5530	AACAACAACAA
STRG.31.2	4467	5530	AACAACAACAA
STRG.31.2	4470	5530	AACAACAACAA
STRG.31.3	3377	5530	AACAACAACAA
STRG.31.3	3380	5530	AACAACAACAA
STRG.18.2	14671	5531	ACAACAACAAG
STRG.18.1	14725	5531	ACAACAACAAG
STRG.2.1	2412	5532	CAACAACAAGA
STRG.2.2	2412	5532	CAACAACAAGA
STRG.20.1	160	5532	CAACAACAAGA
STRG.20.2	160	5532	CAACAACAAGA
STRG.57.1	338	5558	ATATAGAGTGC
STRG.57.2	338	5558	ATATAGAGTGC
STRG.59.2	401	5579	GAAAAACTAAG
STRG.20.3	1722	5598	AGGAATGTGAA
STRG.20.1	11440	5598	AGGAATGTGAA
STRG.20.2	12025	5598	AGGAATGTGAA
STRG.4.1	1455	5606	GAATTTGATTT
STRG.4.1	1456	5607	AATTTGATTTT
STRG.4.1	1457	5608	ATTTGATTTTA
STRG.21.2	994	5609	TTTGATTTTAC
STRG.23.2	2916	5632	TTTTATATGCT
STRG.23.2	2917	5633	TTTATATGCTG
STRG.37.1	790	5636	ATATGCTGCTG
STRG.46.1	761	5686	TTTTGAAGGAA
STRG.46.1	762	5687	TTTGAAGGAAG
STRG.53.2	2020	5733	TCTCAATAATT
STRG.18.2	16574	5755	AGAGCGTCGCT
STRG.18.1	16628	5755	AGAGCGTCGCT
STRG.18.2	16575	5756	GAGCGTCGCTT
STRG.18.1	16629	5756	GAGCGTCGCTT
STRG.3.2	1366	5780	ATTGCATTCCA
STRG.3.1	983	5780	ATTGCATTCCA
STRG.3.3	1219	5780	ATTGCATTCCA
STRG.1.1	127	5845	TCTGTGTGTTC
STRG.55.1	1306	5864	ATTATTTTGTA
STRG.27.1	15	5883	GCTTCAGCTTC
STRG.13.2	1153	5888	AGCTTCGACTG
STRG.13.2	1154	5889	GCTTCGACTGC
STRG.48.1	1092	5889	GCTTCGACTGC
STRG.48.2	1092	5889	GCTTCGACTGC
STRG.5.1	2538	5907	CGTGAGCCATT
STRG.12.1	1087	5953	GGCTGTGGATG
STRG.34.1	638	5954	GCTGTGGATGA
STRG.44.1	2889	5962	TGAGGATGTGG
STRG.44.2	2889	5962	TGAGGATGTGG
STRG.11.1	703	5973	CCACCAGCACA
STRG.33.2	3733	5981	ACAAGAGTCTC
STRG.31.1	192	6019	TGGGTAAAACC
STRG.31.2	192	6019	TGGGTAAAACC
STRG.5.1	5133	6028	CCCAACACACT
STRG.44.1	1457	6078	AGCTGATGGCC
STRG.44.2	1457	6078	AGCTGATGGCC
STRG.60.1	389	6078	AGCTGATGGCC
STRG.51.1	1313	6093	TCCACCACCGA
STRG.51.1	1314	6094	CCACCACCGAT
STRG.51.1	1315	6095	CACCACCGATG
STRG.18.2	5973	6130	AAAGCGACAAG
STRG.18.1	6027	6130	AAAGCGACAAG
STRG.37.1	598	6179	CCCAAGGACGA
STRG.37.1	599	6180	CCAAGGACGAG
STRG.37.1	600	6181	CAAGGACGAGG
STRG.37.1	601	6182	AAGGACGAGGA
STRG.11.1	249	6183	AGGACGAGGAG
STRG.37.1	602	6183	AGGACGAGGAG
STRG.11.1	250	6184	GGACGAGGAGC
STRG.33.1	3099	6185	GACGAGGAGCC
STRG.33.2	2916	6185	GACGAGGAGCC
STRG.33.1	3100	6186	ACGAGGAGCCG
STRG.33.2	2917	6186	ACGAGGAGCCG
STRG.31.1	733	6206	GATGAAGGACG
STRG.31.2	733	6206	GATGAAGGACG
STRG.60.1	370	6229	AAGGCGCGGGA
STRG.60.1	371	6230	AGGCGCGGGAT
STRG.31.2	3392	6243	CATTTGTTAAT
STRG.31.3	2302	6243	CATTTGTTAAT
STRG.57.1	2410	6259	GCACGTAAGCA
STRG.57.2	2410	6259	GCACGTAAGCA
STRG.55.1	47	6261	ACGTAAGCAAT
STRG.53.1	501	6282	AAGCGCATTCC
STRG.53.2	501	6282	AAGCGCATTCC
STRG.4.1	1337	6299	CTTTAATGTAC
STRG.14.1	3000	6318	GTTAACAAATT
STRG.26.1	789	6352	AGGGAAAGGGG
STRG.26.2	1811	6352	AGGGAAAGGGG
STRG.30.1	282	6415	TTCGGCGGCAT
STRG.30.1	283	6416	TCGGCGGCATT
STRG.14.1	621	6453	CGCATAAACAA
STRG.56.1	1147	6457	TAAACAAATTA
STRG.56.2	1147	6457	TAAACAAATTA
STRG.56.3	2345	6457	TAAACAAATTA
STRG.42.1	1585	6458	AAACAAATTAA
STRG.42.2	2787	6458	AAACAAATTAA
STRG.60.1	1050	6519	CAGCAAGGTGG
STRG.31.3	108	6587	TTGGGAAAATT
STRG.1.1	2142	6611	CGTGGTGTAAA
STRG.1.1	2143	6612	GTGGTGTAAAT
STRG.26.2	22	6664	CATAGGGCAAT
STRG.40.1	393	6716	CGGACAAACGG
STRG.40.1	394	6717	GGACAAACGGA
STRG.7.1	400	6718	GACAAACGGAC
STRG.7.3	275	6718	GACAAACGGAC
STRG.7.4	275	6718	GACAAACGGAC
STRG.7.2	248	6718	GACAAACGGAC
STRG.7.5	204	6718	GACAAACGGAC
STRG.7.6	324	6718	GACAAACGGAC
STRG.7.1	401	6719	ACAAACGGACA
STRG.7.3	276	6719	ACAAACGGACA
STRG.7.4	276	6719	ACAAACGGACA
STRG.7.2	249	6719	ACAAACGGACA
STRG.7.5	205	6719	ACAAACGGACA
STRG.7.6	325	6719	ACAAACGGACA
STRG.32.2	1039	6722	AACGGACAAGC
STRG.32.1	1039	6722	AACGGACAAGC
STRG.1.1	3811	6741	AAACGAACGGA
STRG.32.2	1039	6746	AACGGACAAGC
STRG.32.1	1039	6746	AACGGACAAGC
STRG.59.1	2982	6779	CATGGGCTTCA
STRG.59.2	3770	6779	CATGGGCTTCA
STRG.18.2	11226	6803	CTCACTTTGCG
STRG.18.1	11280	6803	CTCACTTTGCG
STRG.18.2	11227	6804	TCACTTTGCGG
STRG.18.1	11281	6804	TCACTTTGCGG
STRG.31.1	994	6823	TCTTGAGCAAA
STRG.31.2	994	6823	TCTTGAGCAAA
STRG.10.6	385	6833	ATTGAAATTCT
STRG.10.4	139	6833	ATTGAAATTCT
STRG.8.1	628	6857	CGTTTCCGCTT
STRG.8.1	629	6858	GTTTCCGCTTC
STRG.27.1	3242	6866	TTCGGAGGAAC
STRG.27.1	3243	6867	TCGGAGGAACG
STRG.20.3	6756	6868	CGGAGGAACGG
STRG.20.1	16474	6868	CGGAGGAACGG
STRG.20.2	17059	6868	CGGAGGAACGG
STRG.27.1	3244	6868	CGGAGGAACGG
STRG.20.3	6757	6869	GGAGGAACGGA
STRG.20.1	16475	6869	GGAGGAACGGA
STRG.20.2	17060	6869	GGAGGAACGGA
STRG.27.1	3245	6869	GGAGGAACGGA
STRG.27.1	3246	6870	GAGGAACGGAG
STRG.2.1	1365	6886	AGCAATCCAGG
STRG.2.2	1365	6886	AGCAATCCAGG
STRG.8.1	582	6895	GGGGAGCTACG
STRG.20.3	4529	6925	AATCTTGCAGG
STRG.20.1	14247	6925	AATCTTGCAGG
STRG.20.2	14832	6925	AATCTTGCAGG
STRG.48.1	253	6958	GCACTCGGTGT
STRG.48.2	253	6958	GCACTCGGTGT
STRG.23.3	320	6984	AATTGCCGGCA
STRG.23.1	93	6984	AATTGCCGGCA
STRG.23.2	93	6984	AATTGCCGGCA
STRG.59.3	564	7028	CAGGGCCATGA
STRG.59.1	564	7028	CAGGGCCATGA
STRG.59.2	1352	7028	CAGGGCCATGA
STRG.42.1	1396	7038	AGTTCCGCCAG
STRG.42.2	2598	7038	AGTTCCGCCAG
STRG.6.1	992	7064	TTTACGCGAAT
STRG.13.1	2767	7077	GCAGAGGACTT
STRG.13.1	2768	7078	CAGAGGACTTG
STRG.1.1	3722	7079	AGAGGACTTGG
STRG.20.1	3978	7122	TTAAATCTTCT
STRG.20.2	3978	7122	TTAAATCTTCT
STRG.15.1	1126	7171	AGTATCTATAT
STRG.14.1	656	7204	ATTTAAAGGAG
STRG.22.1	885	7205	TTTAAAGGAGT
STRG.48.1	630	7221	AATTCAAAAAA
STRG.48.2	630	7221	AATTCAAAAAA
STRG.4.1	384	7243	TTGTAGGTATT
STRG.44.1	2718	7267	GATTATCAATC
STRG.44.2	2718	7267	GATTATCAATC
STRG.27.1	2928	7315	AGAGACATCTC
STRG.8.1	366	7337	TCTTTTTCATT
STRG.33.1	713	7362	GAGATTTTAAA
STRG.33.2	713	7362	GAGATTTTAAA
STRG.43.3	1151	7365	ATTTTAAAGCG
STRG.42.1	635	7391	CAGTACCACCC
STRG.42.2	1837	7391	CAGTACCACCC
STRG.42.1	636	7392	AGTACCACCCA
STRG.42.2	1838	7392	AGTACCACCCA
STRG.42.1	637	7393	GTACCACCCAC
STRG.42.2	1839	7393	GTACCACCCAC
STRG.54.1	554	7429	CGTGTCCTGTG
STRG.44.1	1754	7439	GAGCAGGACCT
STRG.44.2	1754	7439	GAGCAGGACCT
STRG.50.1	366	7454	GCAGTTTGCCG
STRG.20.1	3326	7460	TGCCGTGGCCT
STRG.20.2	3326	7460	TGCCGTGGCCT
STRG.23.2	2963	7498	ACTTGACTGCC
STRG.23.2	2964	7499	CTTGACTGCCA
STRG.52.1	1500	7508	CAGCTGGCATC
STRG.52.1	1501	7509	AGCTGGCATCT
STRG.20.1	9585	7526	CCGGAGCGTCC
STRG.20.2	9585	7526	CCGGAGCGTCC
STRG.43.3	997	7563	CAAAGTGGCCA
STRG.43.1	968	7563	CAAAGTGGCCA
STRG.43.2	964	7563	CAAAGTGGCCA
STRG.18.2	11739	7565	AAGTGGCCAGC
STRG.18.1	11793	7565	AAGTGGCCAGC
STRG.42.1	1452	7569	GGCCAGCAGTT
STRG.42.2	2654	7569	GGCCAGCAGTT
STRG.36.1	2275	7570	GCCAGCAGTTG
STRG.48.1	1707	7571	CCAGCAGTTGT
STRG.48.2	1707	7571	CCAGCAGTTGT
STRG.48.1	1708	7572	CAGCAGTTGTG
STRG.48.2	1708	7572	CAGCAGTTGTG
STRG.5.1	2611	7599	TTGGTGGACAA
STRG.20.1	5937	7625	GCAAATGATGA
STRG.20.2	5937	7625	GCAAATGATGA
STRG.46.1	912	7627	AAATGATGATG
STRG.48.1	1338	7630	TGATGATGGAC
STRG.48.2	1338	7630	TGATGATGGAC
STRG.11.1	751	7670	CAACAAACGCA
STRG.20.1	1845	7670	CAACAAACGCA
STRG.20.2	1845	7670	CAACAAACGCA
STRG.38.1	845	7700	TTTGCCGCAGA
STRG.31.1	2914	7715	AATTTTCTGCA
STRG.31.2	2914	7715	AATTTTCTGCA
STRG.31.3	1824	7715	AATTTTCTGCA
STRG.20.3	4553	7772	TCGCTGGCTGC
STRG.20.1	14271	7772	TCGCTGGCTGC
STRG.20.2	14856	7772	TCGCTGGCTGC
STRG.51.1	276	7774	GCTGGCTGCAC
STRG.51.1	277	7775	CTGGCTGCACA
STRG.31.1	2634	7792	AAAAGAAAAAC
STRG.31.2	2634	7792	AAAAGAAAAAC
STRG.31.3	1544	7792	AAAAGAAAAAC
STRG.31.1	2635	7793	AAAGAAAAACA
STRG.31.2	2635	7793	AAAGAAAAACA
STRG.31.3	1545	7793	AAAGAAAAACA
STRG.20.3	3125	7794	AAGAAAAACAA
STRG.20.1	12843	7794	AAGAAAAACAA
STRG.20.2	13428	7794	AAGAAAAACAA
STRG.31.1	2636	7794	AAGAAAAACAA
STRG.31.2	2636	7794	AAGAAAAACAA
STRG.31.3	1546	7794	AAGAAAAACAA
STRG.18.2	14093	7795	AGAAAAACAAT
STRG.18.1	14147	7795	AGAAAAACAAT
STRG.20.3	3126	7795	AGAAAAACAAT
STRG.20.1	12844	7795	AGAAAAACAAT
STRG.20.2	13429	7795	AGAAAAACAAT
STRG.20.3	3127	7796	GAAAAACAATT
STRG.20.1	12845	7796	GAAAAACAATT
STRG.20.2	13430	7796	GAAAAACAATT
STRG.51.1	525	7796	GAAAAACAATT
STRG.20.3	3128	7797	AAAAACAATTG
STRG.20.1	12846	7797	AAAAACAATTG
STRG.20.2	13431	7797	AAAAACAATTG
STRG.20.3	3129	7798	AAAACAATTGC
STRG.20.1	12847	7798	AAAACAATTGC
STRG.20.2	13432	7798	AAAACAATTGC
STRG.22.1	1236	7804	ATTGCCGAAAA
STRG.56.3	1349	7816	CCATTGCAATT
STRG.56.3	1350	7817	CATTGCAATTT
STRG.9.1	1171	7839	GGCAAAGACAA
STRG.9.2	1171	7839	GGCAAAGACAA
STRG.9.3	1391	7839	GGCAAAGACAA
STRG.50.1	246	7856	CGAGCAAATAA
STRG.50.1	247	7857	GAGCAAATAAT
STRG.50.1	248	7858	AGCAAATAATC
STRG.2.1	2057	7866	ATCGCAGGCGA
STRG.2.2	2057	7866	ATCGCAGGCGA
STRG.20.1	4632	7883	AGCGAAGTGGA
STRG.20.2	4632	7883	AGCGAAGTGGA
STRG.13.2	503	7886	GAAGTGGAGTG
STRG.13.2	504	7887	AAGTGGAGTGG
STRG.13.2	505	7888	AGTGGAGTGGA
STRG.13.2	506	7889	GTGGAGTGGAG
STRG.13.2	505	7893	AGTGGAGTGGA
STRG.13.2	506	7894	GTGGAGTGGAG
STRG.13.2	507	7895	TGGAGTGGAGC
STRG.13.2	508	7896	GGAGTGGAGCG
STRG.57.1	1968	7944	GGAAACGGAAA
STRG.57.2	1968	7944	GGAAACGGAAA
STRG.9.1	275	8009	CCACCCGCTCC
STRG.9.2	275	8009	CCACCCGCTCC
STRG.9.3	495	8009	CCACCCGCTCC
STRG.9.1	276	8010	CACCCGCTCCC
STRG.9.2	276	8010	CACCCGCTCCC
STRG.9.3	496	8010	CACCCGCTCCC
STRG.15.1	715	8024	CTCTGCTGCTA
STRG.6.1	1507	8035	TTAGATATTTA
STRG.6.1	1508	8036	TAGATATTTAT
STRG.2.2	3909	8037	AGATATTTATT
STRG.6.1	1509	8037	AGATATTTATT
STRG.2.2	3910	8038	GATATTTATTT
STRG.6.1	1510	8038	GATATTTATTT
STRG.6.1	958	8044	TATTTCTGCGG
STRG.6.1	959	8045	ATTTCTGCGGA
STRG.27.1	1861	8058	TTTGCTGTGTC
STRG.23.2	2973	8108	CATTTGTATTC
STRG.6.1	1086	8190	CGGCAGTGGCA
STRG.33.1	26	8190	CGGCAGTGGCA
STRG.33.2	26	8190	CGGCAGTGGCA
STRG.6.1	1087	8191	GGCAGTGGCAG
STRG.33.1	27	8191	GGCAGTGGCAG
STRG.33.2	27	8191	GGCAGTGGCAG
STRG.33.1	28	8192	GCAGTGGCAGC
STRG.33.2	28	8192	GCAGTGGCAGC
STRG.57.1	2479	8239	CATATGCAACA
STRG.57.2	2479	8239	CATATGCAACA
STRG.15.1	1119	8257	GTTCAGGAGTA
STRG.53.1	42	8288	ATAATTGGTAT
STRG.53.2	42	8288	ATAATTGGTAT
STRG.4.1	2628	8314	CAGAAGGTACA
STRG.4.1	2629	8315	AGAAGGTACAT
STRG.4.1	2630	8316	GAAGGTACATT
STRG.4.1	2631	8317	AAGGTACATTA
STRG.18.2	461	8319	GGTACATTACT
STRG.18.1	461	8319	GGTACATTACT
STRG.30.1	920	8334	GTAACACCTAT
STRG.38.1	175	8387	GCTGCAGCTGC
STRG.38.1	176	8388	CTGCAGCTGCA
STRG.5.1	4620	8390	GCAGCTGCATC
STRG.18.2	1237	8400	CTCCGCCGCTC
STRG.18.1	1237	8400	CTCCGCCGCTC
STRG.14.1	635	8411	GTTGGCCAATA
STRG.1.1	1389	8427	TTTGAAAATAA
STRG.54.1	893	8546	CCCACGCCCCT
STRG.22.1	604	8564	TTCGCATCTTC
STRG.59.3	2610	8572	TTCTATTGAAT
STRG.59.1	3694	8593	TGCAAGTATGT
STRG.59.2	4482	8593	TGCAAGTATGT
STRG.59.1	3695	8594	GCAAGTATGTG
STRG.59.2	4483	8594	GCAAGTATGTG
STRG.20.1	665	8606	CCACCGCCCCC
STRG.20.2	665	8606	CCACCGCCCCC
STRG.20.1	666	8607	CACCGCCCCCC
STRG.20.2	666	8607	CACCGCCCCCC
STRG.20.3	7992	8669	ACAATTTATTT
STRG.20.1	17710	8669	ACAATTTATTT
STRG.20.2	18295	8669	ACAATTTATTT
STRG.5.1	1141	8672	ATTTATTTCTC
STRG.33.1	5380	8672	ATTTATTTCTC
STRG.33.2	5194	8672	ATTTATTTCTC
STRG.5.1	1142	8673	TTTATTTCTCG
STRG.33.1	5381	8673	TTTATTTCTCG
